  Sorter.cpp
f:\github\programmingcompapp\thanksgivingapplication\thanksgivingapplication\reader.hpp(10): error C2143: syntax error: missing ';' before '<'
f:\github\programmingcompapp\thanksgivingapplication\thanksgivingapplication\reader.hpp(10): error C4430: missing type specifier - int assumed. Note: C++ does not support default-int
f:\github\programmingcompapp\thanksgivingapplication\thanksgivingapplication\sorter.cpp(13): error C2872: 'vector': ambiguous symbol
  f:\github\programmingcompapp\thanksgivingapplication\thanksgivingapplication\reader.hpp(10): note: could be 'int vector'
  c:\program files (x86)\microsoft visual studio\2017\enterprise\vc\tools\msvc\14.10.25017\include\vector(700): note: or       'std::vector'
f:\github\programmingcompapp\thanksgivingapplication\thanksgivingapplication\sorter.cpp(13): error C2275: 'std::string': illegal use of this type as an expression
  c:\program files (x86)\microsoft visual studio\2017\enterprise\vc\tools\msvc\14.10.25017\include\xstring(3998): note: see declaration of 'std::string'
f:\github\programmingcompapp\thanksgivingapplication\thanksgivingapplication\sorter.cpp(13): error C2065: 'sorted': undeclared identifier
f:\github\programmingcompapp\thanksgivingapplication\thanksgivingapplication\sorter.cpp(14): error C2065: 'TurkeyVec': undeclared identifier
f:\github\programmingcompapp\thanksgivingapplication\thanksgivingapplication\sorter.cpp(14): error C2228: left of '.begin' must have class/struct/union
  f:\github\programmingcompapp\thanksgivingapplication\thanksgivingapplication\sorter.cpp(14): note: type is 'unknown-type'
f:\github\programmingcompapp\thanksgivingapplication\thanksgivingapplication\sorter.cpp(14): error C2228: left of '.end' must have class/struct/union
  f:\github\programmingcompapp\thanksgivingapplication\thanksgivingapplication\sorter.cpp(14): note: type is 'unknown-type'
f:\github\programmingcompapp\thanksgivingapplication\thanksgivingapplication\sorter.cpp(14): error C2672: 'std::sort': no matching overloaded function found
f:\github\programmingcompapp\thanksgivingapplication\thanksgivingapplication\sorter.cpp(14): error C2780: 'void std::sort(_RanIt,_RanIt)': expects 2 arguments - 1 provided
  c:\program files (x86)\microsoft visual studio\2017\enterprise\vc\tools\msvc\14.10.25017\include\algorithm(2921): note: see declaration of 'std::sort'
f:\github\programmingcompapp\thanksgivingapplication\thanksgivingapplication\sorter.cpp(14): error C2780: 'void std::sort(_RanIt,_RanIt,_Pr)': expects 3 arguments - 1 provided
  c:\program files (x86)\microsoft visual studio\2017\enterprise\vc\tools\msvc\14.10.25017\include\algorithm(2913): note: see declaration of 'std::sort'
f:\github\programmingcompapp\thanksgivingapplication\thanksgivingapplication\sorter.cpp(17): error C2872: 'vector': ambiguous symbol
  f:\github\programmingcompapp\thanksgivingapplication\thanksgivingapplication\reader.hpp(10): note: could be 'int vector'
  c:\program files (x86)\microsoft visual studio\2017\enterprise\vc\tools\msvc\14.10.25017\include\vector(700): note: or       'std::vector'
f:\github\programmingcompapp\thanksgivingapplication\thanksgivingapplication\sorter.cpp(17): error C2275: 'std::string': illegal use of this type as an expression
  c:\program files (x86)\microsoft visual studio\2017\enterprise\vc\tools\msvc\14.10.25017\include\xstring(3998): note: see declaration of 'std::string'
f:\github\programmingcompapp\thanksgivingapplication\thanksgivingapplication\sorter.cpp(17): error C2039: 'const_iterator': is not a member of '`global namespace''
f:\github\programmingcompapp\thanksgivingapplication\thanksgivingapplication\sorter.cpp(17): error C2065: 'const_iterator': undeclared identifier
f:\github\programmingcompapp\thanksgivingapplication\thanksgivingapplication\sorter.cpp(17): error C2146: syntax error: missing ';' before identifier 'iter'
f:\github\programmingcompapp\thanksgivingapplication\thanksgivingapplication\sorter.cpp(17): error C2143: syntax error: missing ';' before '='
f:\github\programmingcompapp\thanksgivingapplication\thanksgivingapplication\sorter.cpp(17): error C2143: syntax error: missing ')' before '='
f:\github\programmingcompapp\thanksgivingapplication\thanksgivingapplication\sorter.cpp(17): error C2059: syntax error: '='
f:\github\programmingcompapp\thanksgivingapplication\thanksgivingapplication\sorter.cpp(17): error C2065: 'iter': undeclared identifier
f:\github\programmingcompapp\thanksgivingapplication\thanksgivingapplication\sorter.cpp(17): error C2065: 'TurkeyVec': undeclared identifier
f:\github\programmingcompapp\thanksgivingapplication\thanksgivingapplication\sorter.cpp(17): error C2228: left of '.end' must have class/struct/union
  f:\github\programmingcompapp\thanksgivingapplication\thanksgivingapplication\sorter.cpp(17): note: type is 'unknown-type'
f:\github\programmingcompapp\thanksgivingapplication\thanksgivingapplication\sorter.cpp(17): error C2059: syntax error: ')'
f:\github\programmingcompapp\thanksgivingapplication\thanksgivingapplication\sorter.cpp(19): error C2065: 'iter': undeclared identifier
f:\github\programmingcompapp\thanksgivingapplication\thanksgivingapplication\sorter.cpp(19): error C2059: syntax error: ';'
f:\github\programmingcompapp\thanksgivingapplication\thanksgivingapplication\sorter.cpp(28): error C2059: syntax error: '}'
f:\github\programmingcompapp\thanksgivingapplication\thanksgivingapplication\sorter.cpp(28): error C2143: syntax error: missing ';' before '}'
  Reader.cpp
f:\github\programmingcompapp\thanksgivingapplication\thanksgivingapplication\reader.hpp(10): error C2143: syntax error: missing ';' before '<'
f:\github\programmingcompapp\thanksgivingapplication\thanksgivingapplication\reader.hpp(10): error C4430: missing type specifier - int assumed. Note: C++ does not support default-int
f:\github\programmingcompapp\thanksgivingapplication\thanksgivingapplication\reader.cpp(35): error C2065: 'TurkeyVec': undeclared identifier
f:\github\programmingcompapp\thanksgivingapplication\thanksgivingapplication\reader.cpp(35): error C2228: left of '.push_back' must have class/struct/union
  f:\github\programmingcompapp\thanksgivingapplication\thanksgivingapplication\reader.cpp(35): note: type is 'unknown-type'
  output.cpp
f:\github\programmingcompapp\thanksgivingapplication\thanksgivingapplication\reader.hpp(10): error C2143: syntax error: missing ';' before '<'
f:\github\programmingcompapp\thanksgivingapplication\thanksgivingapplication\reader.hpp(10): error C4430: missing type specifier - int assumed. Note: C++ does not support default-int
f:\github\programmingcompapp\thanksgivingapplication\thanksgivingapplication\output.cpp(19): error C2872: 'vector': ambiguous symbol
  f:\github\programmingcompapp\thanksgivingapplication\thanksgivingapplication\reader.hpp(10): note: could be 'int vector'
  c:\program files (x86)\microsoft visual studio\2017\enterprise\vc\tools\msvc\14.10.25017\include\vector(700): note: or       'std::vector'
f:\github\programmingcompapp\thanksgivingapplication\thanksgivingapplication\output.cpp(19): error C2143: syntax error: missing ';' before '<'
f:\github\programmingcompapp\thanksgivingapplication\thanksgivingapplication\output.cpp(19): error C4430: missing type specifier - int assumed. Note: C++ does not support default-int
f:\github\programmingcompapp\thanksgivingapplication\thanksgivingapplication\output.cpp(19): error C2086: 'int vector': redefinition
  f:\github\programmingcompapp\thanksgivingapplication\thanksgivingapplication\reader.hpp(10): note: see declaration of 'vector'
  Main.cpp
f:\github\programmingcompapp\thanksgivingapplication\thanksgivingapplication\reader.hpp(10): error C2143: syntax error: missing ';' before '<'
f:\github\programmingcompapp\thanksgivingapplication\thanksgivingapplication\reader.hpp(10): error C4430: missing type specifier - int assumed. Note: C++ does not support default-int
  Generating Code...
